<?xml version="1.0" encoding="UTF-8"?>
<testng-results ignored="0" total="1" passed="1" failed="0" skipped="0">
  <reporter-output>
  </reporter-output>
  <suite started-at="2018-11-12T23:38:35Z" name="Default suite" finished-at="2018-11-12T23:39:00Z" duration-ms="25294">
    <groups>
    </groups>
    <test started-at="2018-11-12T23:38:35Z" name="Default test" finished-at="2018-11-12T23:39:00Z" duration-ms="25294">
      <class name="com.trivago.room5.TestCases.Trends">
        <test-method signature="TrendCheck()[pri:0, instance:com.trivago.room5.TestCases.Trends@587e5365]" started-at="2018-11-12T23:38:35Z" name="TrendCheck" finished-at="2018-11-12T23:39:00Z" duration-ms="25262" status="PASS">
          <reporter-output>
          </reporter-output>
        </test-method> <!-- TrendCheck -->
      </class> <!-- com.trivago.room5.TestCases.Trends -->
    </test> <!-- Default test -->
  </suite> <!-- Default suite -->
</testng-results>
